<?xml version="1.0" encoding="UTF-8"?>
<testsuite xmlns:xsi="http://www.w3.org/2001/XMLSchema-instance" xsi:noNamespaceSchemaLocation="https://maven.apache.org/surefire/maven-surefire-plugin/xsd/surefire-test-report-3.0.xsd" version="3.0" name="cl.ucn.solicitudes.architecture.ArquitecturaMvcTest" time="3.195" tests="3" errors="0" skipped="0" failures="0">
  <properties>
[...]
</properties>
  <testcase name="controllers_no_deben_depender_de_infraestructura" classname="cl.ucn.solicitudes.architecture.ArquitecturaMvcTest" time="3.004">
    <system-err><![CDATA[SLF4J(W): No SLF4J providers were found.
SLF4J(W): Defaulting to no-operation (NOP) logger implementation
SLF4J(W): See https://www.slf4j.org/codes.html#noProviders for further details.
]]></system-err>
  </testcase>
  <testcase name="dominio_no_debe_depender_de_capas_externas" classname="cl.ucn.solicitudes.architecture.ArquitecturaMvcTest" time="0.024"/>
  <testcase name="vista_no_debe_depender_de_persistencia" classname="cl.ucn.solicitudes.architecture.ArquitecturaMvcTest" time="0.006"/>
</testsuite>